log(d) 10 d-512
KeyGen_Time_        43664 [us]
here2here1KeyGen_I/O__          503 [us]
log(d) 5 d-16
KeyGen_Time_        23937 [us]
here2here1KeyGen_I/O__          215 [us]
log(d) 6 d-32
KeyGen_Time_        24275 [us]
here2here1KeyGen_I/O__          151 [us]
log(d) 7 d-64
KeyGen_Time_        15705 [us]
here2here1KeyGen_I/O__          229 [us]
log(d) 8 d-128
KeyGen_Time_        21560 [us]
here2here1KeyGen_I/O__          441 [us]
log(d) 9 d-256
KeyGen_Time_        17253 [us]
here2here1KeyGen_I/O__          123 [us]
log(d) 10 d-512
KeyGen_Time_        19841 [us]
here2here1KeyGen_I/O__          127 [us]
log(d) 11 d-1024
KeyGen_Time_        31195 [us]
here2here1KeyGen_I/O__          164 [us]
log(d) 12 d-2048
KeyGen_Time_        14674 [us]
here2here1KeyGen_I/O__          115 [us]
log(d) 13 d-4096
KeyGen_Time_        19902 [us]
here2here1KeyGen_I/O__          492 [us]
log(d) 14 d-8192
KeyGen_Time_        22960 [us]
here2here1KeyGen_I/O__          127 [us]
log(d) 15 d-16384
KeyGen_Time_        16177 [us]
here2here1KeyGen_I/O__          161 [us]
log(d) 16 d-32768
KeyGen_Time_        11851 [us]
here2here1KeyGen_I/O__          129 [us]
log(d) 17 d-65536
KeyGen_Time_        22597 [us]
here2here1KeyGen_I/O__          267 [us]
log(d) 17 d-65536
KeyGen_Time_        27535 [us]
here2here1KeyGen_I/O__          255 [us]
log(d) 1 d-1
KeyGen_Time_        31516 [us]
here2here1KeyGen_I/O__          142 [us]
log(d) 1 d-1
KeyGen_Time_        20285 [us]
here2here1KeyGen_I/O__          114 [us]
log(d) 1 d-1
KeyGen_Time_        52297 [us]
KeyGen_I/O__          232 [us]
log(d) 17 d-65536
KeyGen_Time_        17832 [us]
KeyGen_I/O__          346 [us]
Commit_TIME_     16405282 [us]
Commit_I/O__        14027 [us]
hered+1 is odd  [d : 65536 -> d' : 65537]
d+1 is even [d : 65537 -> d' : 32768]
d+1 is odd  [d : 32768 -> d' : 32769]
d+1 is even [d : 32769 -> d' : 16384]
d+1 is odd  [d : 16384 -> d' : 16385]
d+1 is even [d : 16385 -> d' : 8192]
d+1 is odd  [d : 8192 -> d' : 8193]
d+1 is even [d : 8193 -> d' : 4096]
d+1 is odd  [d : 4096 -> d' : 4097]
d+1 is even [d : 4097 -> d' : 2048]
d+1 is odd  [d : 2048 -> d' : 2049]
d+1 is even [d : 2049 -> d' : 1024]
d+1 is odd  [d : 1024 -> d' : 1025]
d+1 is even [d : 1025 -> d' : 512]
d+1 is odd  [d : 512 -> d' : 513]
d+1 is even [d : 513 -> d' : 256]
d+1 is odd  [d : 256 -> d' : 257]
d+1 is even [d : 257 -> d' : 128]
d+1 is odd  [d : 128 -> d' : 129]
d+1 is even [d : 129 -> d' : 64]
d+1 is odd  [d : 64 -> d' : 65]
d+1 is even [d : 65 -> d' : 32]
d+1 is odd  [d : 32 -> d' : 33]
d+1 is even [d : 33 -> d' : 16]
d+1 is odd  [d : 16 -> d' : 17]
d+1 is even [d : 17 -> d' : 8]
d+1 is odd  [d : 8 -> d' : 9]
d+1 is even [d : 9 -> d' : 4]
d+1 is odd  [d : 4 -> d' : 5]
d+1 is even [d : 5 -> d' : 2]
d+1 is odd  [d : 2 -> d' : 3]
d+1 is even [d : 3 -> d' : 1]
d+1 is even [d : 1 -> d' : 0]
EVAL_PROVER_     54256240 [us]
EVAL___I/O__        18040 [us]
d+1 is odd  [d : 65536 -> d' : 65537]
d+1 is even [d : 65537 -> d' : 32768]
d+1 is odd  [d : 32768 -> d' : 32769]
d+1 is even [d : 32769 -> d' : 16384]
d+1 is odd  [d : 16384 -> d' : 16385]
d+1 is even [d : 16385 -> d' : 8192]
d+1 is odd  [d : 8192 -> d' : 8193]
d+1 is even [d : 8193 -> d' : 4096]
d+1 is odd  [d : 4096 -> d' : 4097]
d+1 is even [d : 4097 -> d' : 2048]
d+1 is odd  [d : 2048 -> d' : 2049]
d+1 is even [d : 2049 -> d' : 1024]
d+1 is odd  [d : 1024 -> d' : 1025]
d+1 is even [d : 1025 -> d' : 512]
d+1 is odd  [d : 512 -> d' : 513]
d+1 is even [d : 513 -> d' : 256]
d+1 is odd  [d : 256 -> d' : 257]
d+1 is even [d : 257 -> d' : 128]
d+1 is odd  [d : 128 -> d' : 129]
d+1 is even [d : 129 -> d' : 64]
d+1 is odd  [d : 64 -> d' : 65]
d+1 is even [d : 65 -> d' : 32]
d+1 is odd  [d : 32 -> d' : 33]
d+1 is even [d : 33 -> d' : 16]
d+1 is odd  [d : 16 -> d' : 17]
d+1 is even [d : 17 -> d' : 8]
d+1 is odd  [d : 8 -> d' : 9]
d+1 is even [d : 9 -> d' : 4]
d+1 is odd  [d : 4 -> d' : 5]
d+1 is even [d : 5 -> d' : 2]
d+1 is odd  [d : 2 -> d' : 3]
d+1 is even [d : 3 -> d' : 1]
d+1 is even [d : 1 -> d' : 0]
Verify Success!!
EVAL_VERIFY_       181770 [us]
VERIFY_I/O__        14341 [us]
